
> vibe-generated-app@1.0.0 dev
> vite


  VITE v5.4.20  ready in 218 ms

  ➜  Local:   http://localhost:3000/
  ➜  Network: http://172.20.103.136:3000/
10:26:55 AM [vite] Pre-transform error: Failed to resolve import "three" from "src/components/Landing.jsx". Does the file exist?
10:26:57 AM [vite] Internal server error: Failed to resolve import "three" from "src/components/Landing.jsx". Does the file exist?
  Plugin: vite:import-analysis
  File: /home/workspace/src/components/Landing.jsx:3:23
  2  |  import { useEffect, useRef } from "react";
  3  |  import { Link } from "react-router-dom";
  4  |  import * as THREE from "three";
     |                          ^
  5  |  import { gsap } from "gsap";
  6  |  const images = [
      at TransformPluginContext._formatError (file:///home/workspace/node_modules/vite/dist/node/chunks/dep-D_zLpgQd.js:49258:41)
      at TransformPluginContext.error (file:///home/workspace/node_modules/vite/dist/node/chunks/dep-D_zLpgQd.js:49253:16)
      at normalizeUrl (file:///home/workspace/node_modules/vite/dist/node/chunks/dep-D_zLpgQd.js:64306:23)
      at process.processTicksAndRejections (node:internal/process/task_queues:105:5)
      at async file:///home/workspace/node_modules/vite/dist/node/chunks/dep-D_zLpgQd.js:64438:39
      at async Promise.all (index 3)
      at async TransformPluginContext.transform (file:///home/workspace/node_modules/vite/dist/node/chunks/dep-D_zLpgQd.js:64365:7)
      at async PluginContainer.transform (file:///home/workspace/node_modules/vite/dist/node/chunks/dep-D_zLpgQd.js:49099:18)
      at async loadAndTransform (file:///home/workspace/node_modules/vite/dist/node/chunks/dep-D_zLpgQd.js:51977:27)
      at async viteTransformMiddleware (file:///home/workspace/node_modules/vite/dist/node/chunks/dep-D_zLpgQd.js:62105:24)
10:27:17 AM [vite] Internal server error: Failed to resolve import "three" from "src/components/Landing.jsx". Does the file exist?
  Plugin: vite:import-analysis
  File: /home/workspace/src/components/Landing.jsx:3:23
  2  |  import { useEffect, useRef } from "react";
  3  |  import { Link } from "react-router-dom";
  4  |  import * as THREE from "three";
     |                          ^
  5  |  import { gsap } from "gsap";
  6  |  const images = [
      at TransformPluginContext._formatError (file:///home/workspace/node_modules/vite/dist/node/chunks/dep-D_zLpgQd.js:49258:41)
      at TransformPluginContext.error (file:///home/workspace/node_modules/vite/dist/node/chunks/dep-D_zLpgQd.js:49253:16)
      at normalizeUrl (file:///home/workspace/node_modules/vite/dist/node/chunks/dep-D_zLpgQd.js:64306:23)
      at process.processTicksAndRejections (node:internal/process/task_queues:105:5)
      at async file:///home/workspace/node_modules/vite/dist/node/chunks/dep-D_zLpgQd.js:64438:39
      at async Promise.all (index 3)
      at async TransformPluginContext.transform (file:///home/workspace/node_modules/vite/dist/node/chunks/dep-D_zLpgQd.js:64365:7)
      at async PluginContainer.transform (file:///home/workspace/node_modules/vite/dist/node/chunks/dep-D_zLpgQd.js:49099:18)
      at async loadAndTransform (file:///home/workspace/node_modules/vite/dist/node/chunks/dep-D_zLpgQd.js:51977:27)
      at async viteTransformMiddleware (file:///home/workspace/node_modules/vite/dist/node/chunks/dep-D_zLpgQd.js:62105:24)
